This is pdfTeX, Version 3.141592653-2.6-1.40.27 (TeX Live 2025) (preloaded format=pdflatex 2025.9.20)  4 OCT 2025 23:01
entering extended mode
 restricted \write18 enabled.
 file:line:error style messages enabled.
 %&-line parsing enabled.
**"Full Version"
(./Full Version.tex
LaTeX2e <2024-11-01> patch level 2
L3 programming layer <2025-01-18>
(d:/tool/texlive ver/2025/texmf-dist/tex/latex/base/book.cls
Document Class: book 2024/06/29 v1.4n Standard LaTeX document class
(d:/tool/texlive ver/2025/texmf-dist/tex/latex/base/bk10.clo
File: bk10.clo 2024/06/29 v1.4n Standard LaTeX file (size option)
)
\c@part=\count196
\c@chapter=\count197
\c@section=\count198
\c@subsection=\count199
\c@subsubsection=\count266
\c@paragraph=\count267
\c@subparagraph=\count268
\c@figure=\count269
\c@table=\count270
\abovecaptionskip=\skip49
\belowcaptionskip=\skip50
\bibindent=\dimen141
) (d:/tool/texlive ver/2025/texmf-dist/tex/latex/amsmath/amsmath.sty
Package: amsmath 2024/11/05 v2.17t AMS math features
\@mathmargin=\skip51

For additional information on amsmath, use the `?' option.
(d:/tool/texlive ver/2025/texmf-dist/tex/latex/amsmath/amstext.sty
Package: amstext 2021/08/26 v2.01 AMS text
 (d:/tool/texlive ver/2025/texmf-dist/tex/latex/amsmath/amsgen.sty
File: amsgen.sty 1999/11/30 v2.0 generic functions
\@emptytoks=\toks17
\ex@=\dimen142
)) (d:/tool/texlive ver/2025/texmf-dist/tex/latex/amsmath/amsbsy.sty
Package: amsbsy 1999/11/29 v1.2d Bold Symbols
\pmbraise@=\dimen143
) (d:/tool/texlive ver/2025/texmf-dist/tex/latex/amsmath/amsopn.sty
Package: amsopn 2022/04/08 v2.04 operator names
)
\inf@bad=\count271
LaTeX Info: Redefining \frac on input line 233.
\uproot@=\count272
\leftroot@=\count273
LaTeX Info: Redefining \overline on input line 398.
LaTeX Info: Redefining \colon on input line 409.
\classnum@=\count274
\DOTSCASE@=\count275
LaTeX Info: Redefining \ldots on input line 495.
LaTeX Info: Redefining \dots on input line 498.
LaTeX Info: Redefining \cdots on input line 619.
\Mathstrutbox@=\box52
\strutbox@=\box53
LaTeX Info: Redefining \big on input line 721.
LaTeX Info: Redefining \Big on input line 722.
LaTeX Info: Redefining \bigg on input line 723.
LaTeX Info: Redefining \Bigg on input line 724.
\big@size=\dimen144
LaTeX Font Info:    Redeclaring font encoding OML on input line 742.
LaTeX Font Info:    Redeclaring font encoding OMS on input line 743.
\macc@depth=\count276
LaTeX Info: Redefining \bmod on input line 904.
LaTeX Info: Redefining \pmod on input line 909.
LaTeX Info: Redefining \smash on input line 939.
LaTeX Info: Redefining \relbar on input line 969.
LaTeX Info: Redefining \Relbar on input line 970.
\c@MaxMatrixCols=\count277
\dotsspace@=\muskip17
\c@parentequation=\count278
\dspbrk@lvl=\count279
\tag@help=\toks18
\row@=\count280
\column@=\count281
\maxfields@=\count282
\andhelp@=\toks19
\eqnshift@=\dimen145
\alignsep@=\dimen146
\tagshift@=\dimen147
\tagwidth@=\dimen148
\totwidth@=\dimen149
\lineht@=\dimen150
\@envbody=\toks20
\multlinegap=\skip52
\multlinetaggap=\skip53
\mathdisplay@stack=\toks21
LaTeX Info: Redefining \[ on input line 2953.
LaTeX Info: Redefining \] on input line 2954.
) (d:/tool/texlive ver/2025/texmf-dist/tex/latex/ctex/ctex.sty (d:/tool/texlive ver/2025/texmf-dist/tex/latex/l3kernel/expl3.sty
Package: expl3 2025-01-18 L3 programming layer (loader) 
 (d:/tool/texlive ver/2025/texmf-dist/tex/latex/l3backend/l3backend-pdftex.def
File: l3backend-pdftex.def 2024-05-08 L3 backend support: PDF output (pdfTeX)
\l__color_backend_stack_int=\count283
\l__pdf_internal_box=\box54
))
Package: ctex 2022/07/14 v2.5.10 Chinese adapter in LaTeX (CTEX)
 (d:/tool/texlive ver/2025/texmf-dist/tex/latex/ctex/ctexhook.sty
Package: ctexhook 2022/07/14 v2.5.10 Document and package hooks (CTEX)
) (d:/tool/texlive ver/2025/texmf-dist/tex/latex/ctex/ctexpatch.sty
Package: ctexpatch 2022/07/14 v2.5.10 Patching commands (CTEX)
) (d:/tool/texlive ver/2025/texmf-dist/tex/latex/base/fix-cm.sty
Package: fix-cm 2020/11/24 v1.1t fixes to LaTeX
 (d:/tool/texlive ver/2025/texmf-dist/tex/latex/base/ts1enc.def
File: ts1enc.def 2001/06/05 v3.0e (jk/car/fm) Standard LaTeX file
LaTeX Font Info:    Redeclaring font encoding TS1 on input line 47.
))
\l__ctex_tmp_int=\count284
\l__ctex_tmp_box=\box55
\l__ctex_tmp_dim=\dimen151
\g__ctex_section_depth_int=\count285
\g__ctex_font_size_int=\count286
 (d:/tool/texlive ver/2025/texmf-dist/tex/latex/ctex/config/ctexopts.cfg
File: ctexopts.cfg 2022/07/14 v2.5.10 Option configuration file (CTEX)
)

Package ctex Warning: UTF8 will be used as the default encoding.

(d:/tool/texlive ver/2025/texmf-dist/tex/latex/ctex/engine/ctex-engine-pdftex.def
File: ctex-engine-pdftex.def 2022/07/14 v2.5.10 (pdf)LaTeX adapter (CTEX)
 (d:/tool/texlive ver/2025/texmf-dist/tex/latex/cjk/texinput/CJKutf8.sty
Package: CJKutf8 2021/10/16 4.8.5
 (d:/tool/texlive ver/2025/texmf-dist/tex/generic/iftex/ifpdf.sty
Package: ifpdf 2019/10/25 v3.4 ifpdf legacy package. Use iftex instead.
 (d:/tool/texlive ver/2025/texmf-dist/tex/generic/iftex/iftex.sty
Package: iftex 2024/12/12 v1.0g TeX engine tests
)) (d:/tool/texlive ver/2025/texmf-dist/tex/latex/base/inputenc.sty
Package: inputenc 2024/02/08 v1.3d Input encoding file
\inpenc@prehook=\toks22
\inpenc@posthook=\toks23
) (d:/tool/texlive ver/2025/texmf-dist/tex/latex/cjk/texinput/CJK.sty
Package: CJK 2021/10/16 4.8.5
 (d:/tool/texlive ver/2025/texmf-dist/tex/latex/cjk/texinput/mule/MULEenc.sty
Package: MULEenc 2021/10/16 4.8.5
) (d:/tool/texlive ver/2025/texmf-dist/tex/latex/cjk/texinput/CJK.enc
File: CJK.enc 2021/10/16 4.8.5
Now handling font encoding C00 ...
... no UTF-8 mapping file for font encoding C00
Now handling font encoding C05 ...
... no UTF-8 mapping file for font encoding C05
Now handling font encoding C09 ...
... no UTF-8 mapping file for font encoding C09
Now handling font encoding C10 ...
... no UTF-8 mapping file for font encoding C10
Now handling font encoding C20 ...
... no UTF-8 mapping file for font encoding C20
Now handling font encoding C19 ...
... no UTF-8 mapping file for font encoding C19
Now handling font encoding C40 ...
... no UTF-8 mapping file for font encoding C40
Now handling font encoding C42 ...
... no UTF-8 mapping file for font encoding C42
Now handling font encoding C43 ...
... no UTF-8 mapping file for font encoding C43
Now handling font encoding C50 ...
... no UTF-8 mapping file for font encoding C50
Now handling font encoding C52 ...
... no UTF-8 mapping file for font encoding C52
Now handling font encoding C49 ...
... no UTF-8 mapping file for font encoding C49
Now handling font encoding C60 ...
... no UTF-8 mapping file for font encoding C60
Now handling font encoding C61 ...
... no UTF-8 mapping file for font encoding C61
Now handling font encoding C63 ...
... no UTF-8 mapping file for font encoding C63
Now handling font encoding C64 ...
... no UTF-8 mapping file for font encoding C64
Now handling font encoding C65 ...
... no UTF-8 mapping file for font encoding C65
Now handling font encoding C70 ...
... no UTF-8 mapping file for font encoding C70
Now handling font encoding C31 ...
... no UTF-8 mapping file for font encoding C31
Now handling font encoding C32 ...
... no UTF-8 mapping file for font encoding C32
Now handling font encoding C33 ...
... no UTF-8 mapping file for font encoding C33
Now handling font encoding C34 ...
... no UTF-8 mapping file for font encoding C34
Now handling font encoding C35 ...
... no UTF-8 mapping file for font encoding C35
Now handling font encoding C36 ...
... no UTF-8 mapping file for font encoding C36
Now handling font encoding C37 ...
... no UTF-8 mapping file for font encoding C37
Now handling font encoding C80 ...
... no UTF-8 mapping file for font encoding C80
Now handling font encoding C81 ...
... no UTF-8 mapping file for font encoding C81
Now handling font encoding C01 ...
... no UTF-8 mapping file for font encoding C01
Now handling font encoding C11 ...
... no UTF-8 mapping file for font encoding C11
Now handling font encoding C21 ...
... no UTF-8 mapping file for font encoding C21
Now handling font encoding C41 ...
... no UTF-8 mapping file for font encoding C41
Now handling font encoding C62 ...
... no UTF-8 mapping file for font encoding C62
)
\CJK@indent=\box56
) (d:/tool/texlive ver/2025/texmf-dist/tex/latex/base/fontenc.sty
Package: fontenc 2021/04/29 v2.0v Standard LaTeX package
)) (d:/tool/texlive ver/2025/texmf-dist/tex/latex/cjkpunct/CJKpunct.sty
Package: CJKpunct 2016/05/14 4.8.4
\CJKpunct@cnta=\count287
\CJKpunct@cntb=\count288
\CJKpunct@cntc=\count289
\CJKpunct@cntd=\count290
\CJKpunct@cnte=\count291
   defining Unicode char U+2018 (decimal 8216)
   defining Unicode char U+2019 (decimal 8217)
   defining Unicode char U+201C (decimal 8220)
   defining Unicode char U+201D (decimal 8221)
   defining Unicode char U+2014 (decimal 8212)
   defining Unicode char U+2026 (decimal 8230)
 (d:/tool/texlive ver/2025/texmf-dist/tex/latex/cjkpunct/CJKpunct.spa)) (d:/tool/texlive ver/2025/texmf-dist/tex/latex/cjk/texinput/CJKspace.sty
Package: CJKspace 2021/10/16 3.8.0
) (d:/tool/texlive ver/2025/texmf-dist/tex/latex/cjk/texinput/UTF8/UTF8.bdg
File: UTF8.bdg 2021/10/16 4.8.5
) (d:/tool/texlive ver/2025/texmf-dist/tex/latex/ctex/ctexspa.def
File: ctexspa.def 2022/07/14 v2.5.10 Space info for CJKpunct (CTEX)
)
\ccwd=\dimen152
\l__ctex_ccglue_skip=\skip54
)
\l__ctex_ziju_dim=\dimen153
 (d:/tool/texlive ver/2025/texmf-dist/tex/latex/zhnumber/zhnumber.sty
Package: zhnumber 2022/07/14 v3.0 Typesetting numbers with Chinese glyphs
\l__zhnum_scale_int=\count292
\l__zhnum_tmp_int=\count293
 (d:/tool/texlive ver/2025/texmf-dist/tex/latex/zhnumber/zhnumber-utf8.cfg
File: zhnumber-utf8.cfg 2022/07/14 v3.0 Chinese numerals with UTF8 encoding
)) (d:/tool/texlive ver/2025/texmf-dist/tex/latex/ctex/scheme/ctex-scheme-chinese.def
File: ctex-scheme-chinese.def 2022/07/14 v2.5.10 Chinese scheme for generic (CTEX)
 (d:/tool/texlive ver/2025/texmf-dist/tex/latex/ctex/config/ctex-name-utf8.cfg
File: ctex-name-utf8.cfg 2022/07/14 v2.5.10 Caption with encoding UTF-8 (CTEX)
)) (d:/tool/texlive ver/2025/texmf-dist/tex/latex/tools/indentfirst.sty
Package: indentfirst 2023/07/02 v1.03 Indent first paragraph (DPC)
) (d:/tool/texlive ver/2025/texmf-dist/tex/latex/ctex/ctex-c5size.clo
File: ctex-c5size.clo 2022/07/14 v2.5.10 c5size option (CTEX)
) (d:/tool/texlive ver/2025/texmf-dist/tex/latex/ctex/fontset/ctex-fontset-windows.def
File: ctex-fontset-windows.def 2022/07/14 v2.5.10 Windows fonts definition (CTEX)
)) (d:/tool/texlive ver/2025/texmf-dist/tex/latex/ctex/config/ctex.cfg
File: ctex.cfg 2022/07/14 v2.5.10 Configuration file (CTEX)
) (d:/tool/texlive ver/2025/texmf-dist/tex/latex/fancyhdr/fancyhdr.sty
Package: fancyhdr 2025/02/07 v5.2 Extensive control of page headers and footers
\f@nch@headwidth=\skip55
\f@nch@offset@elh=\skip56
\f@nch@offset@erh=\skip57
\f@nch@offset@olh=\skip58
\f@nch@offset@orh=\skip59
\f@nch@offset@elf=\skip60
\f@nch@offset@erf=\skip61
\f@nch@offset@olf=\skip62
\f@nch@offset@orf=\skip63
\f@nch@height=\skip64
\f@nch@footalignment=\skip65
\f@nch@widthL=\skip66
\f@nch@widthC=\skip67
\f@nch@widthR=\skip68
\@temptokenb=\toks24
) (d:/tool/texlive ver/2025/texmf-dist/tex/latex/titlesec/titlesec.sty
Package: titlesec 2025/01/04 v2.17 Sectioning titles
\ttl@box=\box57
\beforetitleunit=\skip69
\aftertitleunit=\skip70
\ttl@plus=\dimen154
\ttl@minus=\dimen155
\ttl@toksa=\toks25
\titlewidth=\dimen156
\titlewidthlast=\dimen157
\titlewidthfirst=\dimen158
) (d:/tool/texlive ver/2025/texmf-dist/tex/latex/amsfonts/amssymb.sty
Package: amssymb 2013/01/14 v3.01 AMS font symbols
 (d:/tool/texlive ver/2025/texmf-dist/tex/latex/amsfonts/amsfonts.sty
Package: amsfonts 2013/01/14 v3.01 Basic AMSFonts support
\symAMSa=\mathgroup4
\symAMSb=\mathgroup5
LaTeX Font Info:    Redeclaring math symbol \hbar on input line 98.
LaTeX Font Info:    Overwriting math alphabet `\mathfrak' in version `bold'
(Font)                  U/euf/m/n --> U/euf/b/n on input line 106.
)) (d:/tool/texlive ver/2025/texmf-dist/tex/latex/geometry/geometry.sty
Package: geometry 2020/01/02 v5.9 Page Geometry
 (d:/tool/texlive ver/2025/texmf-dist/tex/latex/graphics/keyval.sty
Package: keyval 2022/05/29 v1.15 key=value parser (DPC)
\KV@toks@=\toks26
) (d:/tool/texlive ver/2025/texmf-dist/tex/generic/iftex/ifvtex.sty
Package: ifvtex 2019/10/25 v1.7 ifvtex legacy package. Use iftex instead.
)
\Gm@cnth=\count294
\Gm@cntv=\count295
\c@Gm@tempcnt=\count296
\Gm@bindingoffset=\dimen159
\Gm@wd@mp=\dimen160
\Gm@odd@mp=\dimen161
\Gm@even@mp=\dimen162
\Gm@layoutwidth=\dimen163
\Gm@layoutheight=\dimen164
\Gm@layouthoffset=\dimen165
\Gm@layoutvoffset=\dimen166
\Gm@dimlist=\toks27
) (d:/tool/texlive ver/2025/texmf-dist/tex/latex/graphics/graphicx.sty
Package: graphicx 2021/09/16 v1.2d Enhanced LaTeX Graphics (DPC,SPQR)
 (d:/tool/texlive ver/2025/texmf-dist/tex/latex/graphics/graphics.sty
Package: graphics 2024/08/06 v1.4g Standard LaTeX Graphics (DPC,SPQR)
 (d:/tool/texlive ver/2025/texmf-dist/tex/latex/graphics/trig.sty
Package: trig 2023/12/02 v1.11 sin cos tan (DPC)
) (d:/tool/texlive ver/2025/texmf-dist/tex/latex/graphics-cfg/graphics.cfg
File: graphics.cfg 2016/06/04 v1.11 sample graphics configuration
)
Package graphics Info: Driver file: pdftex.def on input line 106.
 (d:/tool/texlive ver/2025/texmf-dist/tex/latex/graphics-def/pdftex.def
File: pdftex.def 2024/04/13 v1.2c Graphics/color driver for pdftex
))
\Gin@req@height=\dimen167
\Gin@req@width=\dimen168
) (d:/tool/texlive ver/2025/texmf-dist/tex/latex/cjk/texinput/UTF8/UTF8.enc
File: UTF8.enc 2021/10/16 4.8.5
) (d:/tool/texlive ver/2025/texmf-dist/tex/latex/cjk/texinput/UTF8/UTF8.chr
File: UTF8.chr 2021/10/16 4.8.5
) (./Full Version.aux)
\openout1 = `"Full Version.aux"'.

LaTeX Font Info:    Checking defaults for OML/cmm/m/it on input line 11.
LaTeX Font Info:    ... okay on input line 11.
LaTeX Font Info:    Checking defaults for OMS/cmsy/m/n on input line 11.
LaTeX Font Info:    ... okay on input line 11.
LaTeX Font Info:    Checking defaults for OT1/cmr/m/n on input line 11.
LaTeX Font Info:    ... okay on input line 11.
LaTeX Font Info:    Checking defaults for T1/cmr/m/n on input line 11.
LaTeX Font Info:    ... okay on input line 11.
LaTeX Font Info:    Checking defaults for TS1/cmr/m/n on input line 11.
LaTeX Font Info:    ... okay on input line 11.
LaTeX Font Info:    Checking defaults for OMX/cmex/m/n on input line 11.
LaTeX Font Info:    ... okay on input line 11.
LaTeX Font Info:    Checking defaults for U/cmr/m/n on input line 11.
LaTeX Font Info:    ... okay on input line 11.
LaTeX Font Info:    Checking defaults for C00/song/m/n on input line 11.
LaTeX Font Info:    ... okay on input line 11.
LaTeX Font Info:    Checking defaults for C05/song/m/n on input line 11.
LaTeX Font Info:    ... okay on input line 11.
LaTeX Font Info:    Checking defaults for C09/song/m/n on input line 11.
LaTeX Font Info:    ... okay on input line 11.
LaTeX Font Info:    Checking defaults for C10/song/m/n on input line 11.
LaTeX Font Info:    ... okay on input line 11.
LaTeX Font Info:    Checking defaults for C20/song/m/n on input line 11.
LaTeX Font Info:    ... okay on input line 11.
LaTeX Font Info:    Checking defaults for C19/song/m/n on input line 11.
LaTeX Font Info:    ... okay on input line 11.
LaTeX Font Info:    Checking defaults for C40/song/m/n on input line 11.
LaTeX Font Info:    ... okay on input line 11.
LaTeX Font Info:    Checking defaults for C42/song/m/n on input line 11.
LaTeX Font Info:    ... okay on input line 11.
LaTeX Font Info:    Checking defaults for C43/song/m/n on input line 11.
LaTeX Font Info:    ... okay on input line 11.
LaTeX Font Info:    Checking defaults for C50/song/m/n on input line 11.
LaTeX Font Info:    ... okay on input line 11.
LaTeX Font Info:    Checking defaults for C52/song/m/n on input line 11.
LaTeX Font Info:    ... okay on input line 11.
LaTeX Font Info:    Checking defaults for C49/song/m/n on input line 11.
LaTeX Font Info:    ... okay on input line 11.
LaTeX Font Info:    Checking defaults for C60/mj/m/n on input line 11.
LaTeX Font Info:    ... okay on input line 11.
LaTeX Font Info:    Checking defaults for C61/mj/m/n on input line 11.
LaTeX Font Info:    ... okay on input line 11.
LaTeX Font Info:    Checking defaults for C63/mj/m/n on input line 11.
LaTeX Font Info:    ... okay on input line 11.
LaTeX Font Info:    Checking defaults for C64/mj/m/n on input line 11.
LaTeX Font Info:    ... okay on input line 11.
LaTeX Font Info:    Checking defaults for C65/mj/m/n on input line 11.
LaTeX Font Info:    ... okay on input line 11.
LaTeX Font Info:    Checking defaults for C70/song/m/n on input line 11.
LaTeX Font Info:    ... okay on input line 11.
LaTeX Font Info:    Checking defaults for C31/song/m/n on input line 11.
LaTeX Font Info:    ... okay on input line 11.
LaTeX Font Info:    Checking defaults for C32/song/m/n on input line 11.
LaTeX Font Info:    ... okay on input line 11.
LaTeX Font Info:    Checking defaults for C33/song/m/n on input line 11.
LaTeX Font Info:    ... okay on input line 11.
LaTeX Font Info:    Checking defaults for C34/song/m/n on input line 11.
LaTeX Font Info:    ... okay on input line 11.
LaTeX Font Info:    Checking defaults for C35/song/m/n on input line 11.
LaTeX Font Info:    ... okay on input line 11.
LaTeX Font Info:    Checking defaults for C36/song/m/n on input line 11.
LaTeX Font Info:    ... okay on input line 11.
LaTeX Font Info:    Checking defaults for C37/song/m/n on input line 11.
LaTeX Font Info:    ... okay on input line 11.
LaTeX Font Info:    Checking defaults for C80/song/m/n on input line 11.
LaTeX Font Info:    ... okay on input line 11.
LaTeX Font Info:    Checking defaults for C81/song/m/n on input line 11.
LaTeX Font Info:    ... okay on input line 11.
LaTeX Font Info:    Checking defaults for C01/song/m/n on input line 11.
LaTeX Font Info:    ... okay on input line 11.
LaTeX Font Info:    Checking defaults for C11/song/m/n on input line 11.
LaTeX Font Info:    ... okay on input line 11.
LaTeX Font Info:    Checking defaults for C21/song/m/n on input line 11.
LaTeX Font Info:    ... okay on input line 11.
LaTeX Font Info:    Checking defaults for C41/song/m/n on input line 11.
LaTeX Font Info:    ... okay on input line 11.
LaTeX Font Info:    Checking defaults for C62/song/m/n on input line 11.
LaTeX Font Info:    ... okay on input line 11.

*geometry* driver: auto-detecting
*geometry* detected driver: pdftex
*geometry* verbose mode - [ preamble ] result:
* driver: pdftex
* paper: a4paper
* layout: <same size as paper>
* layoutoffset:(h,v)=(0.0pt,0.0pt)
* modes: twoside 
* h-part:(L,W,R)=(72.26999pt, 452.9679pt, 72.26999pt)
* v-part:(T,H,B)=(72.26999pt, 700.50687pt, 72.26999pt)
* \paperwidth=597.50787pt
* \paperheight=845.04684pt
* \textwidth=452.9679pt
* \textheight=700.50687pt
* \oddsidemargin=0.0pt
* \evensidemargin=0.0pt
* \topmargin=-30.06749pt
* \headheight=12.0pt
* \headsep=18.06749pt
* \topskip=10.0pt
* \footskip=25.29494pt
* \marginparwidth=115.0pt
* \marginparsep=7.0pt
* \columnsep=10.0pt
* \skip\footins=9.0pt plus 4.0pt minus 2.0pt
* \hoffset=0.0pt
* \voffset=0.0pt
* \mag=1000
* \@twocolumnfalse
* \@twosidetrue
* \@mparswitchtrue
* \@reversemarginfalse
* (1in=72.27pt=25.4mm, 1cm=28.453pt)

(d:/tool/texlive ver/2025/texmf-dist/tex/context/base/mkii/supp-pdf.mkii
[Loading MPS to PDF converter (version 2006.09.02).]
\scratchcounter=\count297
\scratchdimen=\dimen169
\scratchbox=\box58
\nofMPsegments=\count298
\nofMParguments=\count299
\everyMPshowfont=\toks28
\MPscratchCnt=\count300
\MPscratchDim=\dimen170
\MPnumerator=\count301
\makeMPintoPDFobject=\count302
\everyMPtoPDFconversion=\toks29
) (d:/tool/texlive ver/2025/texmf-dist/tex/latex/epstopdf-pkg/epstopdf-base.sty
Package: epstopdf-base 2020-01-24 v2.11 Base part for package epstopdf
Package epstopdf-base Info: Redefining graphics rule for `.eps' on input line 485.
 (d:/tool/texlive ver/2025/texmf-dist/tex/latex/latexconfig/epstopdf-sys.cfg
File: epstopdf-sys.cfg 2010/07/13 v1.3 Configuration of (r)epstopdf for TeX Live
))
LaTeX Font Info:    Trying to load font information for C70+zhfs on input line 12.
 (d:/tool/texlive ver/2025/texmf-dist/tex/latex/zhmetrics/c70zhfs.fd
File: c70zhfs.fd 2009/09/23 4.8.2
)
Package CJKpunct Info: use punctuation spaces for family 'zhfs' with punctstyle (quanjiao) on input line 12.
LaTeX Font Info:    Trying to load font information for U+msa on input line 12.
 (d:/tool/texlive ver/2025/texmf-dist/tex/latex/amsfonts/umsa.fd
File: umsa.fd 2013/01/14 v3.01 AMS symbols A
)
LaTeX Font Info:    Trying to load font information for U+msb on input line 12.
 (d:/tool/texlive ver/2025/texmf-dist/tex/latex/amsfonts/umsb.fd
File: umsb.fd 2013/01/14 v3.01 AMS symbols B
)
LaTeX Font Info:    Trying to load font information for C70+rm on input line 12.
 (d:/tool/texlive ver/2025/texmf-dist/tex/latex/ctex/fd/c70rm.fd
File: c70rm.fd 2022/07/14 v2.5.10 Chinese font definition (CTEX)
)

(d:/tool/texlive ver/2025/texmf-dist/tex/generic/ctex/zhmap/ctex-zhmap-windows.tex
File: ctex-zhmap-windows.tex 2022/07/14 v2.5.10 Windows font map loader for pdfTeX and DVIPDFMx (CTEX)
{d:/tool/texlive ver/2025/texmf-var/fonts/map/pdftex/updmap/pdftex.map}{UGBK.sfd}{Unicode.sfd}) [1


]
LaTeX Font Info:    Trying to load font information for C70+zhsong on input line 27.
 (d:/tool/texlive ver/2025/texmf-dist/tex/latex/zhmetrics/c70zhsong.fd
File: c70zhsong.fd 2009/09/23 4.8.2
)
LaTeX Font Info:    Trying to load font information for C70+zhhei on input line 27.
 (d:/tool/texlive ver/2025/texmf-dist/tex/latex/zhmetrics/c70zhhei.fd
File: c70zhhei.fd 2009/09/23 4.8.2
)
Package CJKpunct Info: use punctuation spaces for family 'zhhei' with punctstyle (quanjiao) on input line 27.
<111.png, id=40, 2372.865pt x 1779.64874pt>
File: 111.png Graphic file (type png)
<use 111.png>
Package pdftex.def Info: 111.png  used on input line 32.
(pdftex.def)             Requested size: 226.48395pt x 169.85588pt.
Package CJKpunct Info: use punctuation spaces for family 'zhsong' with punctstyle (quanjiao) on input line 37.


[2 <./111.png>] (./Full Version.toc)
\tf@toc=\write3
\openout3 = `"Full Version.toc"'.


Underfull \vbox (badness 3179) has occurred while \output is active []



[3

]

[4]
Chapter 0.

Underfull \vbox (badness 10000) has occurred while \output is active []



[1

]
Underfull \vbox (badness 10000) has occurred while \output is active []



[2{d:/tool/texlive ver/2025/texmf-dist/fonts/enc/dvips/cm-super/cm-super-ts1.enc}]

Package CJKpunct Info: use punctuation spaces for family 'rm' with punctstyle (quanjiao) on input line 93.
[3]

[4

]
Chapter 1.

Underfull \vbox (badness 1436) has occurred while \output is active []



[5]
Overfull \hbox (1.11235pt too wide) in paragraph at lines 113--114
\C70/zhsong/bx/n/14.05249/5f  \OT1/cmr/m/n/14.05249 40\C70/zhsong/m/n/14.05249/52 ^^F \C70/zhsong/bx/n/14.05249/76 ä \C70/zhsong/m/n/14.05249/53 w \C70/zhsong/m/n/14.05249/5b P|\C70/zhsong/m/n/14.05249/ff ^^L| \C70/zhsong/m/n/14.05249/63 $ \C70/zhsong/m/n/14.05249/8f Ū \C70/zhsong/bx/n/14.05249/4e ║ \C70/zhsong/m/n/14.05249/7f ż|\C70/zhsong/m/n/14.05249/ff ^^L| \C70/zhsong/m/n/14.05249/62 µ \C70/zhsong/bx/n/14.05249/57 ( \C70/zhsong/bx/n/14.05249/4e å \C70/zhsong/m/n/14.05249/5b ∙ |\C70/zhsong/m/n/14.05249/20 ^^\|\C70/zhsong/m/n/14.05249/6b { \C70/zhsong/m/n/14.05249/52 7 \C70/zhsong/bx/n/14.05249/98 ś \C70/zhsong/bx/n/14.05249/76 ä \C70/zhsong/m/n/14.05249/67 ( \C70/zhsong/bx/n/14.05249/59 4 \C70/zhsong/m/n/14.05249/81 ^^Q \C70/zhsong/m/n/14.05249/88 ŗ|\C70/zhsong/m/n/14.05249/20 ^^]| \C70/zhsong/bx/n/14.05249/6d ± \C70/zhsong/bx/n/14.05249/60 v \C70/zhsong/m/n/14.05249/75 █ Š \C70/zhsong/bx/n/14.05249/76 ä\OT1/cmr/m/n/14.05249 A\C70/zhsong/m/n/14.05249/97 b
 []


Underfull \vbox (badness 10000) has occurred while \output is active []



[6]

[7]
Overfull \hbox (11.72981pt too wide) in paragraph at lines 165--166
[]\C70/zhsong/m/n/14.05249/8b Ł \C70/zhsong/m/n/14.05249/7e ├ ń Ē|\C70/zhsong/m/n/14.05249/ff ^^L| \C70/zhsong/bx/n/14.05249/5f : \C70/zhsong/m/n/14.05249/5e ” \C70/zhsong/m/n/14.05249/53 G \C70/zhsong/m/n/14.05249/7e ¦|\C70/zhsong/m/n/14.05249/30 ^^B| \C70/zhsong/bx/n/14.05249/5f S \C70/zhsong/m/n/14.05249/67 ^^@ \C70/zhsong/bx/n/14.05249/54 ^^N \C70/zhsong/bx/n/14.05249/4e ^^@ \C70/zhsong/m/n/14.05249/7e ─ \C70/zhsong/m/n/14.05249/51 ▓ \C70/zhsong/m/n/14.05249/52 : \C70/zhsong/m/n/14.05249/8d č \C70/zhsong/m/n/14.05249/7e ė \C70/zhsong/m/n/14.05249/67 _|\C70/zhsong/m/n/14.05249/ff ^^L| \C70/zhsong/bx/n/14.05249/59 ^^\ \C70/zhsong/m/n/14.05249/5e U \C70/zhsong/m/n/14.05249/5d “ \C70/zhsong/bx/n/14.05249/60 ä \C70/zhsong/m/n/14.05249/71 6 \C70/zhsong/bx/n/14.05249/96 M \C70/zhsong/bx/n/14.05249/4e 4|\C70/zhsong/m/n/14.05249/30 ^^B| \OT1/cmr/m/n/14.05249 789\C70/zhsong/m/n/14.05249/51 Ó
 []


Underfull \vbox (badness 10000) has occurred while \output is active []



[8]
Underfull \vbox (badness 2922) has occurred while \output is active []



[9]
Overfull \hbox (5.66954pt too wide) in paragraph at lines 197--198
[]\OT1/cmr/m/n/14.05249 278\C70/zhsong/m/n/14.05249/6b c \C70/zhsong/m/n/14.05249/53 ³ \C70/zhsong/m/n/14.05249/77 @ \C70/zhsong/m/n/14.05249/68 9 \C70/zhsong/m/n/14.05249/6c Ī \C70/zhsong/bx/n/14.05249/70 ╣ \C70/zhsong/m/n/14.05249/71 ├ \C70/zhsong/bx/n/14.05249/76 ä \C70/zhsong/bx/n/14.05249/70 ▀ \C70/zhsong/m/n/14.05249/8f Ū \C70/zhsong/m/n/14.05249/5e r \C70/zhsong/bx/n/14.05249/76 >|\C70/zhsong/m/n/14.05249/ff ^^L| \C70/zhsong/m/n/14.05249/95 ¹ \C70/zhsong/bx/n/14.05249/8a ^^@|\C70/zhsong/m/n/14.05249/ff ^^L| \C70/zhsong/m/n/14.05249/4f ¦ \C70/zhsong/m/n/14.05249/8f Ū \C70/zhsong/bx/n/14.05249/59 4 \C70/zhsong/m/n/14.05249/77  \C70/zhsong/bx/n/14.05249/4e ų|\C70/zhsong/m/n/14.05249/30 ^^B| \C70/zhsong/m/n/14.05249/67 ^^H \C70/zhsong/m/n/14.05249/51 I \C70/zhsong/m/n/14.05249/52 ■ ę \C70/zhsong/m/n/14.05249/51 ·\OT1/cmr/m/n/14.05249 789\C70/zhsong/m/n/14.05249/78 l
 []


Overfull \hbox (25.90518pt too wide) in paragraph at lines 197--198
\C70/zhsong/m/n/14.05249/67 ^^W \C70/zhsong/bx/n/14.05249/76 ä \C70/zhsong/m/n/14.05249/4f ¦ \C70/zhsong/m/n/14.05249/81 8|\C70/zhsong/m/n/14.05249/ff ^^L| \C70/zhsong/m/n/14.05249/4f F \C70/zhsong/m/n/14.05249/90 Ż \C70/zhsong/m/n/14.05249/77 < \C70/zhsong/m/n/14.05249/79 ^ \C70/zhsong/m/n/14.05249/91 ╠ \C70/zhsong/bx/n/14.05249/4e ^^@ \C70/zhsong/m/n/14.05249/95 Ļ \C70/zhsong/m/n/14.05249/80 ^^L \C70/zhsong/m/n/14.05249/8f Ū \C70/zhsong/bx/n/14.05249/76 ä \C70/zhsong/m/n/14.05249/7a z \C70/zhsong/m/n/14.05249/86 Z|\C70/zhsong/m/n/14.05249/ff ^^L| \C70/zhsong/m/n/14.05249/6c Ī \C70/zhsong/m/n/14.05249/80 ² \C70/zhsong/m/n/14.05249/90 ^^C \C70/zhsong/m/n/14.05249/8f Ū\OT1/cmr/m/n/14.05249 278\C70/zhsong/bx/n/14.05249/76 ä \C70/zhsong/m/n/14.05249/77 < [|\C70/zhsong/m/n/14.05249/30 ^^B| \C70/zhsong/bx/n/14.05249/4e ų \C70/zhsong/bx/n/14.05249/59 * \C70/zhsong/m/n/14.05249/71 ¤ \C70/zhsong/bx/n/14.05249/60 ē\OT1/cmr/m/n/14.05249 789\C70/zhsong/bx/n/14.05249/4e å|\C70/zhsong/m/n/14.05249/ff ^^L|
 []


Underfull \vbox (badness 10000) has occurred while \output is active []



[10]
Underfull \vbox (badness 2922) has occurred while \output is active []



[11]
Underfull \vbox (badness 10000) has occurred while \output is active []



[12]

[13]

[14

]
Chapter 2.

Underfull \vbox (badness 10000) has occurred while \output is active []



[15]
Underfull \vbox (badness 10000) has occurred while \output is active []



[16]

[17]
Underfull \vbox (badness 10000) has occurred while \output is active []



[18]

[19]
Overfull \hbox (22.97208pt too wide) in paragraph at lines 377--378
[]\OT1/cmr/m/n/14.05249 278\C70/zhsong/bx/n/14.05249/76 ä \C70/zhsong/m/n/14.05249/77 < \C70/zhsong/bx/n/14.05249/4e - \C70/zhsong/m/n/14.05249/51 H \C70/zhsong/bx/n/14.05249/66 / \C70/zhsong/m/n/14.05249/83 + \C70/zhsong/m/n/14.05249/71 6|\C70/zhsong/m/n/14.05249/ff ^^L| \C70/zhsong/bx/n/14.05249/96 Å \C70/zhsong/m/n/14.05249/53 s \C70/zhsong/m/n/14.05249/8f ┼ \C70/zhsong/m/n/14.05249/90 ^^_ \C70/zhsong/m/n/14.05249/88 ½ \C70/zhsong/m/n/14.05249/5d Ķ \C70/zhsong/bx/n/14.05249/59 ' \C70/zhsong/bx/n/14.05249/76 ä \C70/zhsong/bx/n/14.05249/60 ╩ \C70/zhsong/m/n/14.05249/55 £ \C70/zhsong/bx/n/14.05249/54 ī \C70/zhsong/bx/n/14.05249/4e ═ \C70/zhsong/m/n/14.05249/67 * \C70/zhsong/bx/n/14.05249/65 c \C70/zhsong/m/n/14.05249/53 ╗ \C70/zhsong/bx/n/14.05249/76 ä \C70/zhsong/bx/n/14.05249/54 ^^N \C70/zhsong/bx/n/14.05249/60 ^^U \C70/zhsong/m/n/14.05249/53 ų \C70/zhsong/bx/n/14.05249/4e Ń|\C70/zhsong/m/n/14.05249/30 ^^B||\C70/zhsong/m/n/14.05249/20 ^^\|\C70/zhsong/m/n/14.05249/4f `
 []


Overfull \hbox (0.61087pt too wide) in paragraph at lines 385--386
[]\OT1/cmr/m/n/14.05249 278\C70/zhsong/m/n/14.05249/4f N \C70/zhsong/m/n/14.05249/77 @ \C70/zhsong/bx/n/14.05249/59 4|\C70/zhsong/m/n/14.05249/ff ^^L| \C70/zhsong/bx/n/14.05249/76 Ņ \C70/zhsong/m/n/14.05249/51 I \C70/zhsong/m/n/14.05249/84 = \C70/zhsong/bx/n/14.05249/57 (\OT1/cmr/m/n/14.05249 789\C70/zhsong/m/n/14.05249/88 ½ \C70/zhsong/m/n/14.05249/53 Ü \C70/zhsong/m/n/14.05249/91 ═ \C70/zhsong/m/n/14.05249/77 ¾ \C70/zhsong/m/n/14.05249/81 Å \C70/zhsong/m/n/14.05249/56 · \C70/zhsong/m/n/14.05249/5b Ü \C70/zhsong/bx/n/14.05249/76 ä \C70/zhsong/m/n/14.05249/5d µ \C70/zhsong/m/n/14.05249/81 ┬ \C70/zhsong/bx/n/14.05249/54 ī \C70/zhsong/m/n/14.05249/53 ¾ \C70/zhsong/m/n/14.05249/81 ^^? \C70/zhsong/m/n/14.05249/53 Ü Ü \C70/zhsong/bx/n/14.05249/76 ä \C70/zhsong/m/n/14.05249/7e „ \C70/zhsong/m/n/14.05249/5e & \C70/zhsong/bx/n/14.05249/4e 
|\C70/zhsong/m/n/14.05249/ff ^^L|
 []


Underfull \vbox (badness 10000) has occurred while \output is active []



[20]
Overfull \hbox (0.92735pt too wide) in paragraph at lines 395--396
[]\C70/zhsong/bx/n/14.05249/4e ų \C70/zhsong/m/n/14.05249/8d Ŗ \C70/zhsong/m/n/14.05249/8b ¶ \C70/zhsong/m/n/14.05249/58 ­ \C70/zhsong/m/n/14.05249/97 ¾ \C70/zhsong/m/n/14.05249/8d Ŗ \C70/zhsong/m/n/14.05249/4f N|\C70/zhsong/m/n/14.05249/ff ^^L| \C70/zhsong/m/n/14.05249/67 ^^@ \C70/zhsong/bx/n/14.05249/54 ^^N \C70/zhsong/m/n/14.05249/51 Ó \C70/zhsong/bx/n/14.05249/4e N \C70/zhsong/m/n/14.05249/53 ž \C70/zhsong/m/n/14.05249/62 ^^P \C70/zhsong/bx/n/14.05249/4e å \C70/zhsong/m/n/14.05249/56 ^^_ į|\C70/zhsong/m/n/14.05249/ff ^^L| \C70/zhsong/m/n/14.05249/5e & \C70/zhsong/m/n/14.05249/77 @ \C70/zhsong/bx/n/14.05249/70 ╣ \C70/zhsong/m/n/14.05249/81 Ļ \C70/zhsong/bx/n/14.05249/66 ┤ \C70/zhsong/m/n/14.05249/81 Ļ \C70/zhsong/bx/n/14.05249/5f ^^C \C70/zhsong/bx/n/14.05249/76 ä \C70/zhsong/m/n/14.05249/6c « \C70/zhsong/bx/n/14.05249/4e '|\C70/zhsong/m/n/14.05249/ff ^^Z||\C70/zhsong/m/n/14.05249/20 ^^\|\C70/zhsong/m/n/14.05249/8c ^^A
 []


Underfull \vbox (badness 10000) has occurred while \output is active []



[21]

[22]
Chapter 3.

Underfull \vbox (badness 10000) has occurred while \output is active []



[23

]
Underfull \vbox (badness 10000) has occurred while \output is active []



[24]
Underfull \vbox (badness 10000) has occurred while \output is active []



[25]
Overfull \hbox (1.40526pt too wide) in paragraph at lines 506--507
[]\C70/zhsong/bx/n/14.05249/4e ų \C70/zhsong/bx/n/14.05249/76 ä \C70/zhsong/m/n/14.05249/51 · \C70/zhsong/m/n/14.05249/73 ░ \C70/zhsong/m/n/14.05249/67 , \C70/zhsong/m/n/14.05249/8e ½|\C70/zhsong/m/n/14.05249/ff ^^L| \C70/zhsong/bx/n/14.05249/5c 1 \C70/zhsong/bx/n/14.05249/5f ^^U \C70/zhsong/m/n/14.05249/67 e \C70/zhsong/bx/n/14.05249/4e ^^M \C70/zhsong/bx/n/14.05249/5c ^^Q \C70/zhsong/m/n/14.05249/62 ^^V \C70/zhsong/bx/n/14.05249/60 ╩ \C70/zhsong/m/n/14.05249/8b Č|\C70/zhsong/m/n/14.05249/30 ^^A| \C70/zhsong/m/n/14.05249/62 ^^V \C70/zhsong/bx/n/14.05249/54 ^^L \C70/zhsong/bx/n/14.05249/60 ┼|\C70/zhsong/m/n/14.05249/30 ^^A| \C70/zhsong/m/n/14.05249/62 ^^V \C70/zhsong/bx/n/14.05249/96 É \C70/zhsong/bx/n/14.05249/54 + \C70/zhsong/m/n/14.05249/8f { \C70/zhsong/m/n/14.05249/89 Ų \C70/zhsong/bx/n/14.05249/76 ä Ņ \C70/zhsong/m/n/14.05249/51 I|\C70/zhsong/m/n/14.05249/30 ^^B| \OT1/cmr/m/n/14.05249 H\C70/zhsong/bx/n/14.05249/59 '
 []



[26]
Underfull \vbox (badness 10000) has occurred while \output is active []



[27]
Underfull \vbox (badness 10000) has occurred while \output is active []



[28]

[29]
Underfull \vbox (badness 10000) has occurred while \output is active []



[30]
Underfull \vbox (badness 10000) has occurred while \output is active []



[31]
Underfull \vbox (badness 10000) has occurred while \output is active []



[32]

[33]

[34

]
Chapter 4.

Underfull \vbox (badness 10000) has occurred while \output is active []



[35]
Overfull \hbox (10.46494pt too wide) in paragraph at lines 658--659
[] |\C70/zhsong/m/n/14.05249/20 ^^\|\C70/zhsong/m/n/14.05249/55 ’|\C70/zhsong/m/n/14.05249/30 ^^B||\C70/zhsong/m/n/14.05249/20 ^^]| \OT1/cmr/m/n/14.05249 789\C70/zhsong/m/n/14.05249/5e ö \C70/zhsong/bx/n/14.05249/4e å ^^@ \C70/zhsong/m/n/14.05249/58 ­|\C70/zhsong/m/n/14.05249/ff ^^L| \C70/zhsong/m/n/14.05249/7a ┘ \C70/zhsong/m/n/14.05249/8d w \C70/zhsong/m/n/14.05249/8e ½|\C70/zhsong/m/n/14.05249/ff ^^L| \C70/zhsong/bx/n/14.05249/5f ^^@ \C70/zhsong/bx/n/14.05249/59 ╦ \C70/zhsong/m/n/14.05249/89 Ń ^^? \C70/zhsong/m/n/14.05249/88 ┼ \C70/zhsong/bx/n/14.05249/76 ä \C70/zhsong/m/n/14.05249/62 c \C70/zhsong/m/n/14.05249/5b P|\C70/zhsong/m/n/14.05249/ff ^^L| \C70/zhsong/m/n/14.05249/52 © \C70/zhsong/m/n/14.05249/4f \ \C70/zhsong/m/n/14.05249/67 	 \C70/zhsong/bx/n/14.05249/4e ø \C70/zhsong/m/n/14.05249/7f ^^S \C70/zhsong/m/n/14.05249/61 b|\C70/zhsong/m/n/14.05249/ff ^^L||\C70/zhsong/m/n/14.05249/20 ^^\|\C70/zhsong/m/n/14.05249/7e ┘
 []


Underfull \vbox (badness 10000) has occurred while \output is active []



[36]
Overfull \hbox (10.86482pt too wide) in paragraph at lines 684--685
\C70/zhsong/m/n/14.05249/63 ¬|\C70/zhsong/m/n/14.05249/ff ^^L| \C70/zhsong/bx/n/14.05249/5f ├ \C70/zhsong/m/n/14.05249/81 ^^O \C70/zhsong/m/n/14.05249/50 Ž \C70/zhsong/bx/n/14.05249/66 / \C70/zhsong/m/n/14.05249/88 ½ \C70/zhsong/bx/n/14.05249/4e ^^@ \C70/zhsong/m/n/14.05249/53 Ļ \C70/zhsong/m/n/14.05249/51 ░ Ę \C70/zhsong/bx/n/14.05249/76 ä \C70/zhsong/m/n/14.05249/62 K \C70/zhsong/m/n/14.05249/72 Ó Ó \C70/zhsong/bx/n/14.05249/65 % \C70/zhsong/m/n/14.05249/4f O|\C70/zhsong/m/n/14.05249/30 ^^B| \C70/zhsong/bx/n/14.05249/4e ų \C70/zhsong/bx/n/14.05249/60 ¾ \C70/zhsong/m/n/14.05249/8d w\OT1/cmr/m/n/14.05249 C\C70/zhsong/bx/n/14.05249/66 ■ \C70/zhsong/m/n/14.05249/7e Ž \C70/zhsong/m/n/14.05249/90 Ż \C70/zhsong/bx/n/14.05249/4e * \C70/zhsong/bx/n/14.05249/5c ^^V \C70/zhsong/m/n/14.05249/95 ^^P \C70/zhsong/bx/n/14.05249/76 ä \C70/zhsong/m/n/14.05249/95 Ņ \C70/zhsong/bx/n/14.05249/98 ś|\C70/zhsong/m/n/14.05249/ff ^^Z||\C70/zhsong/m/n/14.05249/20 ^^\|\C70/zhsong/m/n/14.05249/4f `
 []


Overfull \hbox (21.12737pt too wide) in paragraph at lines 693--694
\C70/zhsong/bx/n/14.05249/4e ^^M \C70/zhsong/m/n/14.05249/51 Ź \C70/zhsong/bx/n/14.05249/54 ŗ ŗ | | \C70/zhsong/bx/n/14.05249/57 0 \C70/zhsong/m/n/14.05249/62 ╔ \C70/zhsong/m/n/14.05249/77 @\OT1/cmr/m/n/14.05249 789\C70/zhsong/m/n/14.05249/8b © ║ \C70/zhsong/m/n/14.05249/67 * e|\C70/zhsong/m/n/14.05249/ff ^^L| \C70/zhsong/bx/n/14.05249/4e _ ^^M \C70/zhsong/m/n/14.05249/51 Ź \C70/zhsong/m/n/14.05249/62 ▒ \C70/zhsong/bx/n/14.05249/60 ( \C70/zhsong/m/n/14.05249/52 ¤ \C70/zhsong/m/n/14.05249/8b ■|\C70/zhsong/m/n/14.05249/30 ^^B| \C70/zhsong/bx/n/14.05249/4e ų \C70/zhsong/m/n/14.05249/53 Ļ \C70/zhsong/bx/n/14.05249/66 / \C70/zhsong/m/n/14.05249/6c ē \C70/zhsong/bx/n/14.05249/9e ž \C70/zhsong/bx/n/14.05249/57 0 \C70/zhsong/bx/n/14.05249/96 j \C70/zhsong/m/n/14.05249/77 @\OT1/cmr/m/n/14.05249 789\C70/zhsong/m/n/14.05249/53 ╗
 []



[37]
Overfull \hbox (13.13515pt too wide) in paragraph at lines 705--706
[]\C70/zhsong/bx/n/14.05249/4e $ ║ \C70/zhsong/m/n/14.05249/5e v \C70/zhsong/m/n/14.05249/63 Æ \C70/zhsong/m/n/14.05249/7a ┘ \C70/zhsong/m/n/14.05249/77 @|\C70/zhsong/m/n/14.05249/ff ^^L| \C70/zhsong/m/n/14.05249/67 ^^[ \C70/zhsong/m/n/14.05249/77 @ \C70/zhsong/m/n/14.05249/8f ▄ \C70/zhsong/bx/n/14.05249/59 ^^D \C70/zhsong/bx/n/14.05249/76 ä \C70/zhsong/bx/n/14.05249/70 o k|\C70/zhsong/m/n/14.05249/ff ^^L| \C70/zhsong/m/n/14.05249/8c ^^A \C70/zhsong/m/n/14.05249/90 ² \C70/zhsong/m/n/14.05249/6c Ī \C70/zhsong/m/n/14.05249/67 	 \C70/zhsong/m/n/14.05249/51 H \C70/zhsong/bx/n/14.05249/5f ^^@ \C70/zhsong/m/n/14.05249/53 Ń|\C70/zhsong/m/n/14.05249/30 ^^B| \C70/zhsong/bx/n/14.05249/70 ▀ \C70/zhsong/bx/n/14.05249/59 4 \C70/zhsong/bx/n/14.05249/76 ä \C70/zhsong/m/n/14.05249/7e ó \C70/zhsong/bx/n/14.05249/70 ╣ \C70/zhsong/bx/n/14.05249/57 (\OT1/cmr/m/n/14.05249 789\C70/zhsong/m/n/14.05249/63 ^^G
 []


Underfull \vbox (badness 10000) has occurred while \output is active []



[38]
Underfull \vbox (badness 10000) has occurred while \output is active []



[39]

[40]
Underfull \vbox (badness 10000) has occurred while \output is active []



[41]

[42]
Overfull \hbox (21.56673pt too wide) in paragraph at lines 828--829
[]\C70/zhsong/m/n/14.05249/67 ^^@ \C70/zhsong/bx/n/14.05249/54 ^^N|\C70/zhsong/m/n/14.05249/ff ^^L| \C70/zhsong/bx/n/14.05249/59 y \C70/zhsong/m/n/14.05249/4f < \C70/zhsong/bx/n/14.05249/4e N \C70/zhsong/m/n/14.05249/53 Ļ \C70/zhsong/bx/n/14.05249/66 / \C70/zhsong/bx/n/14.05249/96 Å \C70/zhsong/m/n/14.05249/53 Ń \C70/zhsong/bx/n/14.05249/4e ^^@ \C70/zhsong/m/n/14.05249/63 ą|\C70/zhsong/m/n/14.05249/ff ^^L| \C70/zhsong/bx/n/14.05249/4e ^^M \C70/zhsong/m/n/14.05249/5e & \C70/zhsong/bx/n/14.05249/4e ¹ \C70/zhsong/m/n/14.05249/4f U \C70/zhsong/bx/n/14.05249/60 ┼ \C70/zhsong/m/n/14.05249/7e Ļ \C70/zhsong/bx/n/14.05249/57 0 \C70/zhsong/m/n/14.05249/88 e \C70/zhsong/m/n/14.05249/51 E \C70/zhsong/bx/n/14.05249/4e å \C70/zhsong/m/n/14.05249/53 µ \C70/zhsong/bx/n/14.05249/4e ^^@ * \C70/zhsong/bx/n/14.05249/6d ł \C70/zhsong/bx/n/14.05249/60 o|\C70/zhsong/m/n/14.05249/ff ^^Z||\C70/zhsong/m/n/14.05249/20 ^^\|\OT1/cmr/m/n/14.05249 276\C70/zhsong/m/n/14.05249/5d “
 []


Underfull \vbox (badness 10000) has occurred while \output is active []



[43

]

[44] (./Full Version.aux)
 ***********
LaTeX2e <2024-11-01> patch level 2
L3 programming layer <2022/07/14>
 ***********
 ) 
Here is how much of TeX's memory you used:
 10550 strings out of 473190
 200313 string characters out of 5715256
 544347 words of memory out of 5000000
 33303 multiletter control sequences out of 15000+600000
 624141 words of font info for 275 fonts, out of 8000000 for 9000
 1141 hyphenation exceptions out of 8191
 80i,13n,83p,716b,555s stack positions out of 10000i,1000n,20000p,200000b,200000s
<c:/Windows/Fonts/simhei.ttf><c:/Windows/Fonts/simhei.ttf><c:/Windows/Fonts/simhei.ttf><c:/Windows/Fonts/simsun.ttc><c:/Windows/Fonts/simhei.ttf><c:/Windows/Fonts/simhei.ttf><c:/Windows/Fonts/simhei.ttf><c:/Windows/Fonts/simhei.ttf><c:/Windows/Fonts/simhei.ttf><c:/Windows/Fonts/simsun.ttc><c:/Windows/Fonts/simhei.ttf><c:/Windows/Fonts/simhei.ttf><c:/Windows/Fonts/simhei.ttf><c:/Windows/Fonts/simhei.ttf><c:/Windows/Fonts/simhei.ttf><c:/Windows/Fonts/simsun.ttc><c:/Windows/Fonts/simhei.ttf><c:/Windows/Fonts/simhei.ttf><c:/Windows/Fonts/simhei.ttf><c:/Windows/Fonts/simhei.ttf><c:/Windows/Fonts/simhei.ttf><c:/Windows/Fonts/simhei.ttf><c:/Windows/Fonts/simhei.ttf><c:/Windows/Fonts/simhei.ttf><c:/Windows/Fonts/simhei.ttf><c:/Windows/Fonts/simhei.ttf><c:/Windows/Fonts/simhei.ttf><c:/Windows/Fonts/simsun.ttc><c:/Windows/Fonts/simhei.ttf><c:/Windows/Fonts/simhei.ttf><c:/Windows/Fonts/simhei.ttf><c:/Windows/Fonts/simhei.ttf><c:/Windows/Fonts/simhei.ttf><c:/Windows/Fonts/simhei.ttf><c:/Windows/Fonts/simhei.ttf><c:/Windows/Fonts/simhei.ttf><c:/Windows/Fonts/simsun.ttc><c:/Windows/Fonts/simsun.ttc><c:/Windows/Fonts/simsun.ttc><c:/Windows/Fonts/simsun.ttc><c:/Windows/Fonts/simsun.ttc><c:/Windows/Fonts/simsun.ttc><c:/Windows/Fonts/simsun.ttc><c:/Windows/Fonts/simsun.ttc><c:/Windows/Fonts/simsun.ttc><c:/Windows/Fonts/simsun.ttc><c:/Windows/Fonts/simhei.ttf><c:/Windows/Fonts/simhei.ttf><c:/Windows/Fonts/simhei.ttf><c:/Windows/Fonts/simhei.ttf><c:/Windows/Fonts/simsun.ttc><c:/Windows/Fonts/simsun.ttc><c:/Windows/Fonts/simhei.ttf><c:/Windows/Fonts/simhei.ttf><c:/Windows/Fonts/simsun.ttc><c:/Windows/Fonts/simsun.ttc><c:/Windows/Fonts/simsun.ttc><c:/Windows/Fonts/simsun.ttc><c:/Windows/Fonts/simsun.ttc><c:/Windows/Fonts/simsun.ttc><c:/Windows/Fonts/simsun.ttc><c:/Windows/Fonts/simsun.ttc><c:/Windows/Fonts/simsun.ttc><c:/Windows/Fonts/simsun.ttc><c:/Windows/Fonts/simsun.ttc><c:/Windows/Fonts/simsun.ttc><c:/Windows/Fonts/simsun.ttc><c:/Windows/Fonts/simsun.ttc><c:/Windows/Fonts/simsun.ttc><c:/Windows/Fonts/simsun.ttc><c:/Windows/Fonts/simsun.ttc><c:/Windows/Fonts/simsun.ttc><c:/Windows/Fonts/simsun.ttc><c:/Windows/Fonts/simsun.ttc><c:/Windows/Fonts/simsun.ttc><c:/Windows/Fonts/simsun.ttc><c:/Windows/Fonts/simsun.ttc><c:/Windows/Fonts/simsun.ttc><c:/Windows/Fonts/simsun.ttc><c:/Windows/Fonts/simsun.ttc><c:/Windows/Fonts/simsun.ttc><c:/Windows/Fonts/simsun.ttc><c:/Windows/Fonts/simsun.ttc><c:/Windows/Fonts/simsun.ttc><c:/Windows/Fonts/simsun.ttc><c:/Windows/Fonts/simsun.ttc><c:/Windows/Fonts/simsun.ttc><c:/Windows/Fonts/simsun.ttc><c:/Windows/Fonts/simsun.ttc><c:/Windows/Fonts/simsun.ttc><c:/Windows/Fonts/simsun.ttc><c:/Windows/Fonts/simsun.ttc><c:/Windows/Fonts/simsun.ttc><c:/Windows/Fonts/simsun.ttc><c:/Windows/Fonts/simsun.ttc><c:/Windows/Fonts/simsun.ttc><c:/Windows/Fonts/simsun.ttc><c:/Windows/Fonts/simsun.ttc><c:/Windows/Fonts/simsun.ttc><c:/Windows/Fonts/simsun.ttc><c:/Windows/Fonts/simsun.ttc><c:/Windows/Fonts/simsun.ttc><c:/Windows/Fonts/simsun.ttc><c:/Windows/Fonts/simsun.ttc><c:/Windows/Fonts/simsun.ttc><c:/Windows/Fonts/simsun.ttc><c:/Windows/Fonts/simsun.ttc><c:/Windows/Fonts/simsun.ttc><c:/Windows/Fonts/simsun.ttc><c:/Windows/Fonts/simsun.ttc><c:/Windows/Fonts/simsun.ttc><c:/Windows/Fonts/simsun.ttc><c:/Windows/Fonts/simsun.ttc><c:/Windows/Fonts/simsun.ttc><c:/Windows/Fonts/simsun.ttc><c:/Windows/Fonts/simhei.ttf><c:/Windows/Fonts/simhei.ttf><c:/Windows/Fonts/simhei.ttf><c:/Windows/Fonts/simhei.ttf><c:/Windows/Fonts/simhei.ttf><c:/Windows/Fonts/simhei.ttf><c:/Windows/Fonts/simhei.ttf><c:/Windows/Fonts/simhei.ttf><c:/Windows/Fonts/simhei.ttf><c:/Windows/Fonts/simhei.ttf><c:/Windows/Fonts/simhei.ttf><c:/Windows/Fonts/simsun.ttc><c:/Windows/Fonts/simsun.ttc><c:/Windows/Fonts/simsun.ttc><c:/Windows/Fonts/simsun.ttc><c:/Windows/Fonts/simsun.ttc><c:/Windows/Fonts/simsun.ttc><c:/Windows/Fonts/simfang.ttf><c:/Windows/Fonts/simfang.ttf><c:/Windows/Fonts/simfang.ttf><c:/Windows/Fonts/simfang.ttf><c:/Windows/Fonts/simfang.ttf><c:/Windows/Fonts/simfang.ttf><c:/Windows/Fonts/simfang.ttf><c:/Windows/Fonts/simfang.ttf><d:/tool/texlive ver/2025/texmf-dist/fonts/type1/public/amsfonts/cm/cmbx12.pfb><d:/tool/texlive ver/2025/texmf-dist/fonts/type1/public/amsfonts/cm/cmr10.pfb><d:/tool/texlive ver/2025/texmf-dist/fonts/type1/public/amsfonts/cm/cmr12.pfb><d:/tool/texlive ver/2025/texmf-dist/fonts/type1/public/amsfonts/cm/cmr7.pfb><d:/tool/texlive ver/2025/texmf-dist/fonts/type1/public/amsfonts/cm/cmsy10.pfb><d:/tool/texlive ver/2025/texmf-dist/fonts/type1/public/amsfonts/symbols/msbm10.pfb><d:/tool/texlive ver/2025/texmf-dist/fonts/type1/public/cm-super/sfrm1200.pfb>
Output written on "Full Version.pdf" (48 pages, 4972877 bytes).
PDF statistics:
 842 PDF objects out of 1000 (max. 8388607)
 550 compressed objects within 6 object streams
 0 named destinations out of 1000 (max. 500000)
 338 words of extra memory for PDF output out of 10000 (max. 10000000)

